<?xml version="1.0" encoding="UTF-8"?>
<testsuite xmlns:xsi="http://www.w3.org/2001/XMLSchema-instance" xsi:noNamespaceSchemaLocation="https://maven.apache.org/surefire/maven-surefire-plugin/xsd/surefire-test-report-3.0.xsd" version="3.0" name="com.nwd.mapper.UserMapperTest" time="0.468" tests="5" errors="0" skipped="0" failures="0">
  <properties>
    <property name="java.specification.version" value="17"/>
    <property name="sun.cpu.isalist" value="amd64"/>
    <property name="sun.jnu.encoding" value="GBK"/>
    <property name="java.class.path" value="D:\ProJect_Code\networkdisk\target\test-classes;D:\ProJect_Code\networkdisk\target\classes;D:\Swdtools\apache-maven-3.9.5\repo\org\springframework\boot\spring-boot-starter-web\3.1.5\spring-boot-starter-web-3.1.5.jar;D:\Swdtools\apache-maven-3.9.5\repo\org\springframework\boot\spring-boot-starter\3.1.5\spring-boot-starter-3.1.5.jar;D:\Swdtools\apache-maven-3.9.5\repo\org\springframework\boot\spring-boot\3.1.5\spring-boot-3.1.5.jar;D:\Swdtools\apache-maven-3.9.5\repo\org\springframework\boot\spring-boot-starter-logging\3.1.5\spring-boot-starter-logging-3.1.5.jar;D:\Swdtools\apache-maven-3.9.5\repo\ch\qos\logback\logback-classic\1.4.11\logback-classic-1.4.11.jar;D:\Swdtools\apache-maven-3.9.5\repo\ch\qos\logback\logback-core\1.4.11\logback-core-1.4.11.jar;D:\Swdtools\apache-maven-3.9.5\repo\org\apache\logging\log4j\log4j-to-slf4j\2.20.0\log4j-to-slf4j-2.20.0.jar;D:\Swdtools\apache-maven-3.9.5\repo\org\apache\logging\log4j\log4j-api\2.20.0\log4j-api-2.20.0.jar;D:\Swdtools\apache-maven-3.9.5\repo\org\slf4j\jul-to-slf4j\2.0.9\jul-to-slf4j-2.0.9.jar;D:\Swdtools\apache-maven-3.9.5\repo\jakarta\annotation\jakarta.annotation-api\2.1.1\jakarta.annotation-api-2.1.1.jar;D:\Swdtools\apache-maven-3.9.5\repo\org\yaml\snakeyaml\1.33\snakeyaml-1.33.jar;D:\Swdtools\apache-maven-3.9.5\repo\org\springframework\boot\spring-boot-starter-json\3.1.5\spring-boot-starter-json-3.1.5.jar;D:\Swdtools\apache-maven-3.9.5\repo\com\fasterxml\jackson\datatype\jackson-datatype-jdk8\2.15.3\jackson-datatype-jdk8-2.15.3.jar;D:\Swdtools\apache-maven-3.9.5\repo\com\fasterxml\jackson\datatype\jackson-datatype-jsr310\2.15.3\jackson-datatype-jsr310-2.15.3.jar;D:\Swdtools\apache-maven-3.9.5\repo\com\fasterxml\jackson\module\jackson-module-parameter-names\2.15.3\jackson-module-parameter-names-2.15.3.jar;D:\Swdtools\apache-maven-3.9.5\repo\org\springframework\boot\spring-boot-starter-tomcat\3.1.5\spring-boot-starter-tomcat-3.1.5.jar;D:\Swdtools\apache-maven-3.9.5\repo\org\apache\tomcat\embed\tomcat-embed-core\10.1.15\tomcat-embed-core-10.1.15.jar;D:\Swdtools\apache-maven-3.9.5\repo\org\apache\tomcat\embed\tomcat-embed-el\10.1.15\tomcat-embed-el-10.1.15.jar;D:\Swdtools\apache-maven-3.9.5\repo\org\apache\tomcat\embed\tomcat-embed-websocket\10.1.15\tomcat-embed-websocket-10.1.15.jar;D:\Swdtools\apache-maven-3.9.5\repo\org\springframework\spring-web\6.0.13\spring-web-6.0.13.jar;D:\Swdtools\apache-maven-3.9.5\repo\org\springframework\spring-beans\6.0.13\spring-beans-6.0.13.jar;D:\Swdtools\apache-maven-3.9.5\repo\io\micrometer\micrometer-observation\1.11.5\micrometer-observation-1.11.5.jar;D:\Swdtools\apache-maven-3.9.5\repo\io\micrometer\micrometer-commons\1.11.5\micrometer-commons-1.11.5.jar;D:\Swdtools\apache-maven-3.9.5\repo\org\springframework\spring-webmvc\6.0.13\spring-webmvc-6.0.13.jar;D:\Swdtools\apache-maven-3.9.5\repo\org\springframework\spring-aop\6.0.13\spring-aop-6.0.13.jar;D:\Swdtools\apache-maven-3.9.5\repo\org\springframework\spring-context\6.0.13\spring-context-6.0.13.jar;D:\Swdtools\apache-maven-3.9.5\repo\org\springframework\spring-expression\6.0.13\spring-expression-6.0.13.jar;D:\Swdtools\apache-maven-3.9.5\repo\org\springframework\boot\spring-boot-starter-test\3.1.5\spring-boot-starter-test-3.1.5.jar;D:\Swdtools\apache-maven-3.9.5\repo\org\springframework\boot\spring-boot-test\3.1.5\spring-boot-test-3.1.5.jar;D:\Swdtools\apache-maven-3.9.5\repo\org\springframework\boot\spring-boot-test-autoconfigure\3.1.5\spring-boot-test-autoconfigure-3.1.5.jar;D:\Swdtools\apache-maven-3.9.5\repo\com\jayway\jsonpath\json-path\2.8.0\json-path-2.8.0.jar;D:\Swdtools\apache-maven-3.9.5\repo\jakarta\xml\bind\jakarta.xml.bind-api\4.0.1\jakarta.xml.bind-api-4.0.1.jar;D:\Swdtools\apache-maven-3.9.5\repo\jakarta\activation\jakarta.activation-api\2.1.2\jakarta.activation-api-2.1.2.jar;D:\Swdtools\apache-maven-3.9.5\repo\net\minidev\json-smart\2.4.11\json-smart-2.4.11.jar;D:\Swdtools\apache-maven-3.9.5\repo\net\minidev\accessors-smart\2.4.11\accessors-smart-2.4.11.jar;D:\Swdtools\apache-maven-3.9.5\repo\org\ow2\asm\asm\9.3\asm-9.3.jar;D:\Swdtools\apache-maven-3.9.5\repo\org\assertj\assertj-core\3.24.2\assertj-core-3.24.2.jar;D:\Swdtools\apache-maven-3.9.5\repo\net\bytebuddy\byte-buddy\1.14.9\byte-buddy-1.14.9.jar;D:\Swdtools\apache-maven-3.9.5\repo\org\hamcrest\hamcrest\2.2\hamcrest-2.2.jar;D:\Swdtools\apache-maven-3.9.5\repo\org\junit\jupiter\junit-jupiter\5.9.3\junit-jupiter-5.9.3.jar;D:\Swdtools\apache-maven-3.9.5\repo\org\junit\jupiter\junit-jupiter-api\5.9.3\junit-jupiter-api-5.9.3.jar;D:\Swdtools\apache-maven-3.9.5\repo\org\opentest4j\opentest4j\1.2.0\opentest4j-1.2.0.jar;D:\Swdtools\apache-maven-3.9.5\repo\org\junit\platform\junit-platform-commons\1.9.3\junit-platform-commons-1.9.3.jar;D:\Swdtools\apache-maven-3.9.5\repo\org\apiguardian\apiguardian-api\1.1.2\apiguardian-api-1.1.2.jar;D:\Swdtools\apache-maven-3.9.5\repo\org\junit\jupiter\junit-jupiter-params\5.9.3\junit-jupiter-params-5.9.3.jar;D:\Swdtools\apache-maven-3.9.5\repo\org\junit\jupiter\junit-jupiter-engine\5.9.3\junit-jupiter-engine-5.9.3.jar;D:\Swdtools\apache-maven-3.9.5\repo\org\junit\platform\junit-platform-engine\1.9.3\junit-platform-engine-1.9.3.jar;D:\Swdtools\apache-maven-3.9.5\repo\org\mockito\mockito-core\5.3.1\mockito-core-5.3.1.jar;D:\Swdtools\apache-maven-3.9.5\repo\net\bytebuddy\byte-buddy-agent\1.14.9\byte-buddy-agent-1.14.9.jar;D:\Swdtools\apache-maven-3.9.5\repo\org\objenesis\objenesis\3.3\objenesis-3.3.jar;D:\Swdtools\apache-maven-3.9.5\repo\org\mockito\mockito-junit-jupiter\5.3.1\mockito-junit-jupiter-5.3.1.jar;D:\Swdtools\apache-maven-3.9.5\repo\org\skyscreamer\jsonassert\1.5.1\jsonassert-1.5.1.jar;D:\Swdtools\apache-maven-3.9.5\repo\com\vaadin\external\google\android-json\0.0.20131108.vaadin1\android-json-0.0.20131108.vaadin1.jar;D:\Swdtools\apache-maven-3.9.5\repo\org\springframework\spring-core\6.0.13\spring-core-6.0.13.jar;D:\Swdtools\apache-maven-3.9.5\repo\org\springframework\spring-jcl\6.0.13\spring-jcl-6.0.13.jar;D:\Swdtools\apache-maven-3.9.5\repo\org\springframework\spring-test\6.0.13\spring-test-6.0.13.jar;D:\Swdtools\apache-maven-3.9.5\repo\org\xmlunit\xmlunit-core\2.9.1\xmlunit-core-2.9.1.jar;D:\Swdtools\apache-maven-3.9.5\repo\com\fasterxml\jackson\core\jackson-databind\2.15.2\jackson-databind-2.15.2.jar;D:\Swdtools\apache-maven-3.9.5\repo\com\fasterxml\jackson\core\jackson-core\2.15.3\jackson-core-2.15.3.jar;D:\Swdtools\apache-maven-3.9.5\repo\com\fasterxml\jackson\core\jackson-annotations\2.15.3\jackson-annotations-2.15.3.jar;D:\Swdtools\apache-maven-3.9.5\repo\com\baomidou\mybatis-plus-boot-starter\3.5.4.1\mybatis-plus-boot-starter-3.5.4.1.jar;D:\Swdtools\apache-maven-3.9.5\repo\com\baomidou\mybatis-plus\3.5.4.1\mybatis-plus-3.5.4.1.jar;D:\Swdtools\apache-maven-3.9.5\repo\com\baomidou\mybatis-plus-core\3.5.4.1\mybatis-plus-core-3.5.4.1.jar;D:\Swdtools\apache-maven-3.9.5\repo\com\baomidou\mybatis-plus-annotation\3.5.4.1\mybatis-plus-annotation-3.5.4.1.jar;D:\Swdtools\apache-maven-3.9.5\repo\com\baomidou\mybatis-plus-extension\3.5.4.1\mybatis-plus-extension-3.5.4.1.jar;D:\Swdtools\apache-maven-3.9.5\repo\org\mybatis\mybatis\3.5.13\mybatis-3.5.13.jar;D:\Swdtools\apache-maven-3.9.5\repo\com\github\jsqlparser\jsqlparser\4.6\jsqlparser-4.6.jar;D:\Swdtools\apache-maven-3.9.5\repo\org\mybatis\mybatis-spring\2.1.1\mybatis-spring-2.1.1.jar;D:\Swdtools\apache-maven-3.9.5\repo\com\baomidou\mybatis-plus-spring-boot-autoconfigure\3.5.4.1\mybatis-plus-spring-boot-autoconfigure-3.5.4.1.jar;D:\Swdtools\apache-maven-3.9.5\repo\org\springframework\boot\spring-boot-autoconfigure\3.1.5\spring-boot-autoconfigure-3.1.5.jar;D:\Swdtools\apache-maven-3.9.5\repo\org\springframework\boot\spring-boot-starter-jdbc\3.1.5\spring-boot-starter-jdbc-3.1.5.jar;D:\Swdtools\apache-maven-3.9.5\repo\com\zaxxer\HikariCP\5.0.1\HikariCP-5.0.1.jar;D:\Swdtools\apache-maven-3.9.5\repo\org\springframework\spring-jdbc\6.0.13\spring-jdbc-6.0.13.jar;D:\Swdtools\apache-maven-3.9.5\repo\org\springframework\spring-tx\6.0.13\spring-tx-6.0.13.jar;D:\Swdtools\apache-maven-3.9.5\repo\com\mysql\mysql-connector-j\8.0.32\mysql-connector-j-8.0.32.jar;D:\Swdtools\apache-maven-3.9.5\repo\io\swagger\swagger-annotations\1.6.3\swagger-annotations-1.6.3.jar;D:\Swdtools\apache-maven-3.9.5\repo\com\baomidou\mybatis-plus-generator\3.5.2\mybatis-plus-generator-3.5.2.jar;D:\Swdtools\apache-maven-3.9.5\repo\org\apache\velocity\velocity-engine-core\2.3\velocity-engine-core-2.3.jar;D:\Swdtools\apache-maven-3.9.5\repo\org\apache\commons\commons-lang3\3.12.0\commons-lang3-3.12.0.jar;D:\Swdtools\apache-maven-3.9.5\repo\org\slf4j\slf4j-api\2.0.9\slf4j-api-2.0.9.jar;D:\Swdtools\apache-maven-3.9.5\repo\org\freemarker\freemarker\2.3.31\freemarker-2.3.31.jar;D:\Swdtools\apache-maven-3.9.5\repo\com\ibeetl\beetl\3.8.1.RELEASE\beetl-3.8.1.RELEASE.jar;D:\Swdtools\apache-maven-3.9.5\repo\org\antlr\antlr4-runtime\4.9.2\antlr4-runtime-4.9.2.jar;D:\Swdtools\apache-maven-3.9.5\repo\commons-codec\commons-codec\1.15\commons-codec-1.15.jar;D:\Swdtools\apache-maven-3.9.5\repo\com\auth0\java-jwt\4.4.0\java-jwt-4.4.0.jar;D:\Swdtools\apache-maven-3.9.5\repo\junit\junit\4.13.2\junit-4.13.2.jar;D:\Swdtools\apache-maven-3.9.5\repo\org\hamcrest\hamcrest-core\2.2\hamcrest-core-2.2.jar;"/>
    <property name="java.vm.vendor" value="Oracle Corporation"/>
    <property name="sun.arch.data.model" value="64"/>
    <property name="user.variant" value=""/>
    <property name="java.vendor.url" value="https://java.oracle.com/"/>
    <property name="user.timezone" value="Asia/Shanghai"/>
    <property name="os.name" value="Windows 10"/>
    <property name="java.vm.specification.version" value="17"/>
    <property name="sun.java.launcher" value="SUN_STANDARD"/>
    <property name="user.country" value="CN"/>
    <property name="sun.boot.library.path" value="D:\Swdtools\jdk-17.0.9\bin"/>
    <property name="sun.java.command" value="C:\Users\82365\AppData\Local\Temp\surefire3456414834212041895\surefirebooter-20231117143657929_3.jar C:\Users\82365\AppData\Local\Temp\surefire3456414834212041895 2023-11-17T14-36-54_080-jvmRun1 surefire-20231117143657929_1tmp surefire_0-20231117143657929_2tmp"/>
    <property name="jdk.debug" value="release"/>
    <property name="surefire.test.class.path" value="D:\ProJect_Code\networkdisk\target\test-classes;D:\ProJect_Code\networkdisk\target\classes;D:\Swdtools\apache-maven-3.9.5\repo\org\springframework\boot\spring-boot-starter-web\3.1.5\spring-boot-starter-web-3.1.5.jar;D:\Swdtools\apache-maven-3.9.5\repo\org\springframework\boot\spring-boot-starter\3.1.5\spring-boot-starter-3.1.5.jar;D:\Swdtools\apache-maven-3.9.5\repo\org\springframework\boot\spring-boot\3.1.5\spring-boot-3.1.5.jar;D:\Swdtools\apache-maven-3.9.5\repo\org\springframework\boot\spring-boot-starter-logging\3.1.5\spring-boot-starter-logging-3.1.5.jar;D:\Swdtools\apache-maven-3.9.5\repo\ch\qos\logback\logback-classic\1.4.11\logback-classic-1.4.11.jar;D:\Swdtools\apache-maven-3.9.5\repo\ch\qos\logback\logback-core\1.4.11\logback-core-1.4.11.jar;D:\Swdtools\apache-maven-3.9.5\repo\org\apache\logging\log4j\log4j-to-slf4j\2.20.0\log4j-to-slf4j-2.20.0.jar;D:\Swdtools\apache-maven-3.9.5\repo\org\apache\logging\log4j\log4j-api\2.20.0\log4j-api-2.20.0.jar;D:\Swdtools\apache-maven-3.9.5\repo\org\slf4j\jul-to-slf4j\2.0.9\jul-to-slf4j-2.0.9.jar;D:\Swdtools\apache-maven-3.9.5\repo\jakarta\annotation\jakarta.annotation-api\2.1.1\jakarta.annotation-api-2.1.1.jar;D:\Swdtools\apache-maven-3.9.5\repo\org\yaml\snakeyaml\1.33\snakeyaml-1.33.jar;D:\Swdtools\apache-maven-3.9.5\repo\org\springframework\boot\spring-boot-starter-json\3.1.5\spring-boot-starter-json-3.1.5.jar;D:\Swdtools\apache-maven-3.9.5\repo\com\fasterxml\jackson\datatype\jackson-datatype-jdk8\2.15.3\jackson-datatype-jdk8-2.15.3.jar;D:\Swdtools\apache-maven-3.9.5\repo\com\fasterxml\jackson\datatype\jackson-datatype-jsr310\2.15.3\jackson-datatype-jsr310-2.15.3.jar;D:\Swdtools\apache-maven-3.9.5\repo\com\fasterxml\jackson\module\jackson-module-parameter-names\2.15.3\jackson-module-parameter-names-2.15.3.jar;D:\Swdtools\apache-maven-3.9.5\repo\org\springframework\boot\spring-boot-starter-tomcat\3.1.5\spring-boot-starter-tomcat-3.1.5.jar;D:\Swdtools\apache-maven-3.9.5\repo\org\apache\tomcat\embed\tomcat-embed-core\10.1.15\tomcat-embed-core-10.1.15.jar;D:\Swdtools\apache-maven-3.9.5\repo\org\apache\tomcat\embed\tomcat-embed-el\10.1.15\tomcat-embed-el-10.1.15.jar;D:\Swdtools\apache-maven-3.9.5\repo\org\apache\tomcat\embed\tomcat-embed-websocket\10.1.15\tomcat-embed-websocket-10.1.15.jar;D:\Swdtools\apache-maven-3.9.5\repo\org\springframework\spring-web\6.0.13\spring-web-6.0.13.jar;D:\Swdtools\apache-maven-3.9.5\repo\org\springframework\spring-beans\6.0.13\spring-beans-6.0.13.jar;D:\Swdtools\apache-maven-3.9.5\repo\io\micrometer\micrometer-observation\1.11.5\micrometer-observation-1.11.5.jar;D:\Swdtools\apache-maven-3.9.5\repo\io\micrometer\micrometer-commons\1.11.5\micrometer-commons-1.11.5.jar;D:\Swdtools\apache-maven-3.9.5\repo\org\springframework\spring-webmvc\6.0.13\spring-webmvc-6.0.13.jar;D:\Swdtools\apache-maven-3.9.5\repo\org\springframework\spring-aop\6.0.13\spring-aop-6.0.13.jar;D:\Swdtools\apache-maven-3.9.5\repo\org\springframework\spring-context\6.0.13\spring-context-6.0.13.jar;D:\Swdtools\apache-maven-3.9.5\repo\org\springframework\spring-expression\6.0.13\spring-expression-6.0.13.jar;D:\Swdtools\apache-maven-3.9.5\repo\org\springframework\boot\spring-boot-starter-test\3.1.5\spring-boot-starter-test-3.1.5.jar;D:\Swdtools\apache-maven-3.9.5\repo\org\springframework\boot\spring-boot-test\3.1.5\spring-boot-test-3.1.5.jar;D:\Swdtools\apache-maven-3.9.5\repo\org\springframework\boot\spring-boot-test-autoconfigure\3.1.5\spring-boot-test-autoconfigure-3.1.5.jar;D:\Swdtools\apache-maven-3.9.5\repo\com\jayway\jsonpath\json-path\2.8.0\json-path-2.8.0.jar;D:\Swdtools\apache-maven-3.9.5\repo\jakarta\xml\bind\jakarta.xml.bind-api\4.0.1\jakarta.xml.bind-api-4.0.1.jar;D:\Swdtools\apache-maven-3.9.5\repo\jakarta\activation\jakarta.activation-api\2.1.2\jakarta.activation-api-2.1.2.jar;D:\Swdtools\apache-maven-3.9.5\repo\net\minidev\json-smart\2.4.11\json-smart-2.4.11.jar;D:\Swdtools\apache-maven-3.9.5\repo\net\minidev\accessors-smart\2.4.11\accessors-smart-2.4.11.jar;D:\Swdtools\apache-maven-3.9.5\repo\org\ow2\asm\asm\9.3\asm-9.3.jar;D:\Swdtools\apache-maven-3.9.5\repo\org\assertj\assertj-core\3.24.2\assertj-core-3.24.2.jar;D:\Swdtools\apache-maven-3.9.5\repo\net\bytebuddy\byte-buddy\1.14.9\byte-buddy-1.14.9.jar;D:\Swdtools\apache-maven-3.9.5\repo\org\hamcrest\hamcrest\2.2\hamcrest-2.2.jar;D:\Swdtools\apache-maven-3.9.5\repo\org\junit\jupiter\junit-jupiter\5.9.3\junit-jupiter-5.9.3.jar;D:\Swdtools\apache-maven-3.9.5\repo\org\junit\jupiter\junit-jupiter-api\5.9.3\junit-jupiter-api-5.9.3.jar;D:\Swdtools\apache-maven-3.9.5\repo\org\opentest4j\opentest4j\1.2.0\opentest4j-1.2.0.jar;D:\Swdtools\apache-maven-3.9.5\repo\org\junit\platform\junit-platform-commons\1.9.3\junit-platform-commons-1.9.3.jar;D:\Swdtools\apache-maven-3.9.5\repo\org\apiguardian\apiguardian-api\1.1.2\apiguardian-api-1.1.2.jar;D:\Swdtools\apache-maven-3.9.5\repo\org\junit\jupiter\junit-jupiter-params\5.9.3\junit-jupiter-params-5.9.3.jar;D:\Swdtools\apache-maven-3.9.5\repo\org\junit\jupiter\junit-jupiter-engine\5.9.3\junit-jupiter-engine-5.9.3.jar;D:\Swdtools\apache-maven-3.9.5\repo\org\junit\platform\junit-platform-engine\1.9.3\junit-platform-engine-1.9.3.jar;D:\Swdtools\apache-maven-3.9.5\repo\org\mockito\mockito-core\5.3.1\mockito-core-5.3.1.jar;D:\Swdtools\apache-maven-3.9.5\repo\net\bytebuddy\byte-buddy-agent\1.14.9\byte-buddy-agent-1.14.9.jar;D:\Swdtools\apache-maven-3.9.5\repo\org\objenesis\objenesis\3.3\objenesis-3.3.jar;D:\Swdtools\apache-maven-3.9.5\repo\org\mockito\mockito-junit-jupiter\5.3.1\mockito-junit-jupiter-5.3.1.jar;D:\Swdtools\apache-maven-3.9.5\repo\org\skyscreamer\jsonassert\1.5.1\jsonassert-1.5.1.jar;D:\Swdtools\apache-maven-3.9.5\repo\com\vaadin\external\google\android-json\0.0.20131108.vaadin1\android-json-0.0.20131108.vaadin1.jar;D:\Swdtools\apache-maven-3.9.5\repo\org\springframework\spring-core\6.0.13\spring-core-6.0.13.jar;D:\Swdtools\apache-maven-3.9.5\repo\org\springframework\spring-jcl\6.0.13\spring-jcl-6.0.13.jar;D:\Swdtools\apache-maven-3.9.5\repo\org\springframework\spring-test\6.0.13\spring-test-6.0.13.jar;D:\Swdtools\apache-maven-3.9.5\repo\org\xmlunit\xmlunit-core\2.9.1\xmlunit-core-2.9.1.jar;D:\Swdtools\apache-maven-3.9.5\repo\com\fasterxml\jackson\core\jackson-databind\2.15.2\jackson-databind-2.15.2.jar;D:\Swdtools\apache-maven-3.9.5\repo\com\fasterxml\jackson\core\jackson-core\2.15.3\jackson-core-2.15.3.jar;D:\Swdtools\apache-maven-3.9.5\repo\com\fasterxml\jackson\core\jackson-annotations\2.15.3\jackson-annotations-2.15.3.jar;D:\Swdtools\apache-maven-3.9.5\repo\com\baomidou\mybatis-plus-boot-starter\3.5.4.1\mybatis-plus-boot-starter-3.5.4.1.jar;D:\Swdtools\apache-maven-3.9.5\repo\com\baomidou\mybatis-plus\3.5.4.1\mybatis-plus-3.5.4.1.jar;D:\Swdtools\apache-maven-3.9.5\repo\com\baomidou\mybatis-plus-core\3.5.4.1\mybatis-plus-core-3.5.4.1.jar;D:\Swdtools\apache-maven-3.9.5\repo\com\baomidou\mybatis-plus-annotation\3.5.4.1\mybatis-plus-annotation-3.5.4.1.jar;D:\Swdtools\apache-maven-3.9.5\repo\com\baomidou\mybatis-plus-extension\3.5.4.1\mybatis-plus-extension-3.5.4.1.jar;D:\Swdtools\apache-maven-3.9.5\repo\org\mybatis\mybatis\3.5.13\mybatis-3.5.13.jar;D:\Swdtools\apache-maven-3.9.5\repo\com\github\jsqlparser\jsqlparser\4.6\jsqlparser-4.6.jar;D:\Swdtools\apache-maven-3.9.5\repo\org\mybatis\mybatis-spring\2.1.1\mybatis-spring-2.1.1.jar;D:\Swdtools\apache-maven-3.9.5\repo\com\baomidou\mybatis-plus-spring-boot-autoconfigure\3.5.4.1\mybatis-plus-spring-boot-autoconfigure-3.5.4.1.jar;D:\Swdtools\apache-maven-3.9.5\repo\org\springframework\boot\spring-boot-autoconfigure\3.1.5\spring-boot-autoconfigure-3.1.5.jar;D:\Swdtools\apache-maven-3.9.5\repo\org\springframework\boot\spring-boot-starter-jdbc\3.1.5\spring-boot-starter-jdbc-3.1.5.jar;D:\Swdtools\apache-maven-3.9.5\repo\com\zaxxer\HikariCP\5.0.1\HikariCP-5.0.1.jar;D:\Swdtools\apache-maven-3.9.5\repo\org\springframework\spring-jdbc\6.0.13\spring-jdbc-6.0.13.jar;D:\Swdtools\apache-maven-3.9.5\repo\org\springframework\spring-tx\6.0.13\spring-tx-6.0.13.jar;D:\Swdtools\apache-maven-3.9.5\repo\com\mysql\mysql-connector-j\8.0.32\mysql-connector-j-8.0.32.jar;D:\Swdtools\apache-maven-3.9.5\repo\io\swagger\swagger-annotations\1.6.3\swagger-annotations-1.6.3.jar;D:\Swdtools\apache-maven-3.9.5\repo\com\baomidou\mybatis-plus-generator\3.5.2\mybatis-plus-generator-3.5.2.jar;D:\Swdtools\apache-maven-3.9.5\repo\org\apache\velocity\velocity-engine-core\2.3\velocity-engine-core-2.3.jar;D:\Swdtools\apache-maven-3.9.5\repo\org\apache\commons\commons-lang3\3.12.0\commons-lang3-3.12.0.jar;D:\Swdtools\apache-maven-3.9.5\repo\org\slf4j\slf4j-api\2.0.9\slf4j-api-2.0.9.jar;D:\Swdtools\apache-maven-3.9.5\repo\org\freemarker\freemarker\2.3.31\freemarker-2.3.31.jar;D:\Swdtools\apache-maven-3.9.5\repo\com\ibeetl\beetl\3.8.1.RELEASE\beetl-3.8.1.RELEASE.jar;D:\Swdtools\apache-maven-3.9.5\repo\org\antlr\antlr4-runtime\4.9.2\antlr4-runtime-4.9.2.jar;D:\Swdtools\apache-maven-3.9.5\repo\commons-codec\commons-codec\1.15\commons-codec-1.15.jar;D:\Swdtools\apache-maven-3.9.5\repo\com\auth0\java-jwt\4.4.0\java-jwt-4.4.0.jar;D:\Swdtools\apache-maven-3.9.5\repo\junit\junit\4.13.2\junit-4.13.2.jar;D:\Swdtools\apache-maven-3.9.5\repo\org\hamcrest\hamcrest-core\2.2\hamcrest-core-2.2.jar;"/>
    <property name="sun.cpu.endian" value="little"/>
    <property name="user.home" value="C:\Users\82365"/>
    <property name="user.language" value="zh"/>
    <property name="java.specification.vendor" value="Oracle Corporation"/>
    <property name="java.version.date" value="2023-10-17"/>
    <property name="java.home" value="D:\Swdtools\jdk-17.0.9"/>
    <property name="file.separator" value="\"/>
    <property name="basedir" value="D:\ProJect_Code\networkdisk"/>
    <property name="java.vm.compressedOopsMode" value="Zero based"/>
    <property name="line.separator" value="&#10;"/>
    <property name="java.vm.specification.vendor" value="Oracle Corporation"/>
    <property name="java.specification.name" value="Java Platform API Specification"/>
    <property name="FILE_LOG_CHARSET" value="GBK"/>
    <property name="java.awt.headless" value="true"/>
    <property name="surefire.real.class.path" value="C:\Users\82365\AppData\Local\Temp\surefire3456414834212041895\surefirebooter-20231117143657929_3.jar"/>
    <property name="user.script" value=""/>
    <property name="sun.management.compiler" value="HotSpot 64-Bit Tiered Compilers"/>
    <property name="java.runtime.version" value="17.0.9+11-LTS-201"/>
    <property name="user.name" value="82365"/>
    <property name="path.separator" value=";"/>
    <property name="os.version" value="10.0"/>
    <property name="java.runtime.name" value="Java(TM) SE Runtime Environment"/>
    <property name="file.encoding" value="GBK"/>
    <property name="java.vm.name" value="Java HotSpot(TM) 64-Bit Server VM"/>
    <property name="localRepository" value="D:\Swdtools\apache-maven-3.9.5\repo"/>
    <property name="java.vendor.url.bug" value="https://bugreport.java.com/bugreport/"/>
    <property name="java.io.tmpdir" value="C:\Users\82365\AppData\Local\Temp\"/>
    <property name="idea.version" value="2023.2.5"/>
    <property name="com.zaxxer.hikari.pool_number" value="1"/>
    <property name="java.version" value="17.0.9"/>
    <property name="user.dir" value="D:\ProJect_Code\networkdisk"/>
    <property name="os.arch" value="amd64"/>
    <property name="java.vm.specification.name" value="Java Virtual Machine Specification"/>
    <property name="PID" value="9668"/>
    <property name="sun.os.patch.level" value=""/>
    <property name="CONSOLE_LOG_CHARSET" value="GBK"/>
    <property name="native.encoding" value="GBK"/>
    <property name="java.library.path" value="D:\Swdtools\jdk-17.0.9\bin;C:\Windows\Sun\Java\bin;C:\Windows\system32;C:\Windows;C:\Windows\system32;C:\Windows;C:\Windows\System32\Wbem;C:\Windows\System32\WindowsPowerShell\v1.0\;C:\Windows\System32\OpenSSH\;C:\Program Files\NVIDIA Corporation\NVIDIA NvDLISR;C:\Program Files (x86)\NVIDIA Corporation\PhysX\Common;D:\Swdtools\jdk-17.0.9\bin;D:\Swdtools\apache-maven-3.9.5\bin;C:\Program Files\Git\cmd;C:\Users\82365\AppData\Local\Microsoft\WindowsApps;C:\Users\82365\AppData\Roaming\npm;."/>
    <property name="java.vm.info" value="mixed mode, sharing"/>
    <property name="java.vendor" value="Oracle Corporation"/>
    <property name="java.vm.version" value="17.0.9+11-LTS-201"/>
    <property name="sun.io.unicode.encoding" value="UnicodeLittle"/>
    <property name="java.class.version" value="61.0"/>
  </properties>
  <testcase name="selectList" classname="com.nwd.mapper.UserMapperTest" time="0.087">
    <system-out><![CDATA[2023-11-17T14:37:04.181+08:00  INFO 9668 --- [           main] t.c.s.AnnotationConfigContextLoaderUtils : Could not detect default configuration classes for test class [com.nwd.mapper.UserMapperTest]: UserMapperTest does not declare any static, non-private, non-final, nested classes annotated with @Configuration.
2023-11-17T14:37:04.183+08:00  INFO 9668 --- [           main] .b.t.c.SpringBootTestContextBootstrapper : Found @SpringBootConfiguration com.nwd.App for test class com.nwd.mapper.UserMapperTest
Creating a new SqlSession
SqlSession [org.apache.ibatis.session.defaults.DefaultSqlSession@3bda1f0] was not registered for synchronization because synchronization is not active
JDBC Connection [HikariProxyConnection@1216741689 wrapping com.mysql.cj.jdbc.ConnectionImpl@a6fc1bc] will not be managed by Spring
==>  Preparing: SELECT id,username,password,imgurl,mg_state,fullname,mobile,email,memorySize FROM nwd_user
==> Parameters: 
<==    Columns: id, username, password, imgurl, mg_state, fullname, mobile, email, memorySize
<==        Row: 1, admin, E10ADC3949BA59ABBE56E057F20F883E, tx.jpg, 0, 张仪, 18592079453, zhangyi@gmail.com, 1
<==        Row: 2, 823653443, E10ADC3949BA59ABBE56E057F20F883E, tx.jpg, 0, 李斯, 18592079653, lisi@gmail.com, 1
<==        Row: 3, SQ8914, E10ADC3949BA59ABBE56E057F20F883E, null, 0, 苏秦, 18592099453, suqing@gmail.com, 1
<==        Row: 4, PJ8888, E10ADC3949BA59ABBE56E057F20F883E, logo.png, 1, 庞涓, 18592099453, pangjuan@gmail.com, 1
<==        Row: 1724801362308403202, yingzheng, E10ADC3949BA59ABBE56E057F20F883E, tx.jpg, 0, 嬴政, 18597029453, yingzheng@gmail.com, 1
<==      Total: 5
Closing non transactional SqlSession [org.apache.ibatis.session.defaults.DefaultSqlSession@3bda1f0]
User{id=1, username='admin', password='E10ADC3949BA59ABBE56E057F20F883E', imgurl='tx.jpg', mg_state=0, fullname='张仪', mobile='18592079453', email='zhangyi@gmail.com', memorySize=1}
User{id=2, username='823653443', password='E10ADC3949BA59ABBE56E057F20F883E', imgurl='tx.jpg', mg_state=0, fullname='李斯', mobile='18592079653', email='lisi@gmail.com', memorySize=1}
User{id=3, username='SQ8914', password='E10ADC3949BA59ABBE56E057F20F883E', imgurl='null', mg_state=0, fullname='苏秦', mobile='18592099453', email='suqing@gmail.com', memorySize=1}
User{id=4, username='PJ8888', password='E10ADC3949BA59ABBE56E057F20F883E', imgurl='logo.png', mg_state=0, fullname='庞涓', mobile='18592099453', email='pangjuan@gmail.com', memorySize=1}
User{id=1724801362308403202, username='yingzheng', password='E10ADC3949BA59ABBE56E057F20F883E', imgurl='tx.jpg', mg_state=0, fullname='嬴政', mobile='18597029453', email='yingzheng@gmail.com', memorySize=1}
]]></system-out>
  </testcase>
  <testcase name="selectPage" classname="com.nwd.mapper.UserMapperTest" time="0.144">
    <system-out><![CDATA[Creating a new SqlSession
SqlSession [org.apache.ibatis.session.defaults.DefaultSqlSession@3a7d914c] was not registered for synchronization because synchronization is not active
JDBC Connection [HikariProxyConnection@314374086 wrapping com.mysql.cj.jdbc.ConnectionImpl@a6fc1bc] will not be managed by Spring
==>  Preparing: SELECT COUNT(*) AS total FROM nwd_user
==> Parameters: 
<==    Columns: total
<==        Row: 5
<==      Total: 1
==>  Preparing: SELECT id,username,password,imgurl,mg_state,fullname,mobile,email,memorySize FROM nwd_user LIMIT ?,?
==> Parameters: 2(Long), 2(Long)
<==    Columns: id, username, password, imgurl, mg_state, fullname, mobile, email, memorySize
<==        Row: 3, SQ8914, E10ADC3949BA59ABBE56E057F20F883E, null, 0, 苏秦, 18592099453, suqing@gmail.com, 1
<==        Row: 4, PJ8888, E10ADC3949BA59ABBE56E057F20F883E, logo.png, 1, 庞涓, 18592099453, pangjuan@gmail.com, 1
<==      Total: 2
Closing non transactional SqlSession [org.apache.ibatis.session.defaults.DefaultSqlSession@3a7d914c]
总页数3
总记录数5
User{id=3, username='SQ8914', password='E10ADC3949BA59ABBE56E057F20F883E', imgurl='null', mg_state=0, fullname='苏秦', mobile='18592099453', email='suqing@gmail.com', memorySize=1}
User{id=4, username='PJ8888', password='E10ADC3949BA59ABBE56E057F20F883E', imgurl='logo.png', mg_state=0, fullname='庞涓', mobile='18592099453', email='pangjuan@gmail.com', memorySize=1}
]]></system-out>
  </testcase>
  <testcase name="zdyQuery" classname="com.nwd.mapper.UserMapperTest" time="0.044">
    <system-out><![CDATA[Creating a new SqlSession
SqlSession [org.apache.ibatis.session.defaults.DefaultSqlSession@98712fa] was not registered for synchronization because synchronization is not active
JDBC Connection [HikariProxyConnection@1630046228 wrapping com.mysql.cj.jdbc.ConnectionImpl@a6fc1bc] will not be managed by Spring
==>  Preparing: SELECT id, username,password, imgurl, mg_state, fullname, mobile, email, memorySize from nwd_user where 1 = 1 AND id = ?
==> Parameters: 1724779428413734915(Long)
<==      Total: 0
Closing non transactional SqlSession [org.apache.ibatis.session.defaults.DefaultSqlSession@98712fa]
null
]]></system-out>
  </testcase>
  <testcase name="insertTest" classname="com.nwd.mapper.UserMapperTest" time="0.089">
    <system-out><![CDATA[Creating a new SqlSession
SqlSession [org.apache.ibatis.session.defaults.DefaultSqlSession@6669cba] was not registered for synchronization because synchronization is not active
JDBC Connection [HikariProxyConnection@937840183 wrapping com.mysql.cj.jdbc.ConnectionImpl@a6fc1bc] will not be managed by Spring
==>  Preparing: INSERT INTO nwd_user ( id, username, password, imgurl, mg_state, fullname, mobile, email, memorySize ) VALUES ( ?, ?, ?, ?, ?, ?, ?, ?, ? )
==> Parameters: 1725402656815509506(Long), yingzheng(String), qwerutit123456(String), tx.jpg(String), 0(Integer), 嬴政(String), 18597029453(String), yingzheng@gmail.com(String), 1(Integer)
<==    Updates: 1
Closing non transactional SqlSession [org.apache.ibatis.session.defaults.DefaultSqlSession@6669cba]
result:1
]]></system-out>
  </testcase>
  <testcase name="deleteTest" classname="com.nwd.mapper.UserMapperTest" time="0.089">
    <system-out><![CDATA[Creating a new SqlSession
SqlSession [org.apache.ibatis.session.defaults.DefaultSqlSession@32298473] was not registered for synchronization because synchronization is not active
JDBC Connection [HikariProxyConnection@749524318 wrapping com.mysql.cj.jdbc.ConnectionImpl@a6fc1bc] will not be managed by Spring
==>  Preparing: DELETE FROM nwd_user WHERE (username = ?)
==> Parameters: yingzheng(String)
<==    Updates: 2
Closing non transactional SqlSession [org.apache.ibatis.session.defaults.DefaultSqlSession@32298473]
2
]]></system-out>
  </testcase>
</testsuite>